e:\github\workshop\videoplayer-singlequeue\videoplayer-singlequeue\x64\release\vc141.pdb
e:\github\workshop\videoplayer-singlequeue\videoplayer-singlequeue\x64\release\scopedthread.obj
e:\github\workshop\videoplayer-singlequeue\videoplayer-singlequeue\x64\release\videocapturer.obj
e:\github\workshop\videoplayer-singlequeue\videoplayer-singlequeue\x64\release\syncqueue.obj
e:\github\workshop\videoplayer-singlequeue\videoplayer-singlequeue\x64\release\source.obj
e:\github\workshop\videoplayer-singlequeue\videoplayer-singlequeue\x64\release\threadpool.obj
e:\github\workshop\videoplayer-singlequeue\x64\release\videoplayer-singlequeue.exe
e:\github\workshop\videoplayer-singlequeue\x64\release\videoplayer-singlequeue.pdb
e:\github\workshop\videoplayer-singlequeue\x64\release\videoplayer-singlequeue.ipdb
e:\github\workshop\videoplayer-singlequeue\x64\release\videoplayer-singlequeue.iobj
c:\users\derek\documents\github\videoplayer-singlequeue\videoplayer-singlequeue\x64\release\scopedthread.obj
c:\users\derek\documents\github\videoplayer-singlequeue\videoplayer-singlequeue\x64\release\source.obj
c:\users\derek\documents\github\videoplayer-singlequeue\videoplayer-singlequeue\x64\release\syncqueue.obj
c:\users\derek\documents\github\videoplayer-singlequeue\videoplayer-singlequeue\x64\release\threadpool.obj
c:\users\derek\documents\github\videoplayer-singlequeue\videoplayer-singlequeue\x64\release\videocapturer.obj
c:\users\derek\documents\github\videoplayer-singlequeue\videoplayer-singlequeue\x64\release\vc141.pdb
c:\users\derek\documents\github\videoplayer-singlequeue\x64\release\videoplayer-singlequeue.pdb
c:\users\derek\documents\github\videoplayer-singlequeue\x64\release\videoplayer-singlequeue.exe
c:\users\derek\documents\github\videoplayer-singlequeue\videoplayer-singlequeue\x64\release\videopla.6b755b84.tlog\cl.command.1.tlog
c:\users\derek\documents\github\videoplayer-singlequeue\videoplayer-singlequeue\x64\release\videopla.6b755b84.tlog\cl.read.1.tlog
c:\users\derek\documents\github\videoplayer-singlequeue\videoplayer-singlequeue\x64\release\videopla.6b755b84.tlog\cl.write.1.tlog
c:\users\derek\documents\github\videoplayer-singlequeue\videoplayer-singlequeue\x64\release\videopla.6b755b84.tlog\link.command.1.tlog
c:\users\derek\documents\github\videoplayer-singlequeue\videoplayer-singlequeue\x64\release\videopla.6b755b84.tlog\link.read.1.tlog
c:\users\derek\documents\github\videoplayer-singlequeue\videoplayer-singlequeue\x64\release\videopla.6b755b84.tlog\link.write.1.tlog
c:\users\derek\documents\github\videoplayer-singlequeue\videoplayer-singlequeue\x64\release\videopla.6b755b84.tlog\videoplayer-singlequeue.write.1u.tlog
