e:\github\workshop\videoplayer-singlequeue\videoplayer-singlequeue\x64\debug\vc141.pdb
e:\github\workshop\videoplayer-singlequeue\videoplayer-singlequeue\x64\debug\vc141.idb
e:\github\workshop\videoplayer-singlequeue\videoplayer-singlequeue\x64\debug\source.obj
e:\github\workshop\videoplayer-singlequeue\videoplayer-singlequeue\x64\debug\videocapturer.obj
e:\github\workshop\videoplayer-singlequeue\videoplayer-singlequeue\x64\debug\syncqueue.obj
e:\github\workshop\videoplayer-singlequeue\videoplayer-singlequeue\x64\debug\scopedthread.obj
e:\github\workshop\videoplayer-singlequeue\videoplayer-singlequeue\x64\debug\threadpool.obj
e:\github\workshop\videoplayer-singlequeue\x64\debug\videoplayer-singlequeue.exe
e:\github\workshop\videoplayer-singlequeue\x64\debug\videoplayer-singlequeue.ilk
e:\github\workshop\videoplayer-singlequeue\x64\debug\videoplayer-singlequeue.pdb
c:\users\derek\documents\github\videoplayer-singlequeue\videoplayer-singlequeue\x64\debug\scopedthread.obj
c:\users\derek\documents\github\videoplayer-singlequeue\videoplayer-singlequeue\x64\debug\source.obj
c:\users\derek\documents\github\videoplayer-singlequeue\videoplayer-singlequeue\x64\debug\syncqueue.obj
c:\users\derek\documents\github\videoplayer-singlequeue\videoplayer-singlequeue\x64\debug\threadpool.obj
c:\users\derek\documents\github\videoplayer-singlequeue\videoplayer-singlequeue\x64\debug\videocapturer.obj
c:\users\derek\documents\github\videoplayer-singlequeue\videoplayer-singlequeue\x64\debug\vc141.idb
c:\users\derek\documents\github\videoplayer-singlequeue\videoplayer-singlequeue\x64\debug\vc141.pdb
c:\users\derek\documents\github\videoplayer-singlequeue\x64\debug\videoplayer-singlequeue.pdb
c:\users\derek\documents\github\videoplayer-singlequeue\x64\debug\videoplayer-singlequeue.exe
c:\users\derek\documents\github\videoplayer-singlequeue\x64\debug\videoplayer-singlequeue.ilk
c:\users\derek\documents\github\videoplayer-singlequeue\videoplayer-singlequeue\x64\debug\videopla.6b755b84.tlog\cl.command.1.tlog
c:\users\derek\documents\github\videoplayer-singlequeue\videoplayer-singlequeue\x64\debug\videopla.6b755b84.tlog\cl.read.1.tlog
c:\users\derek\documents\github\videoplayer-singlequeue\videoplayer-singlequeue\x64\debug\videopla.6b755b84.tlog\cl.write.1.tlog
c:\users\derek\documents\github\videoplayer-singlequeue\videoplayer-singlequeue\x64\debug\videopla.6b755b84.tlog\link.command.1.tlog
c:\users\derek\documents\github\videoplayer-singlequeue\videoplayer-singlequeue\x64\debug\videopla.6b755b84.tlog\link.read.1.tlog
c:\users\derek\documents\github\videoplayer-singlequeue\videoplayer-singlequeue\x64\debug\videopla.6b755b84.tlog\link.write.1.tlog
